<?xml version="1.0" encoding="UTF-8"?>
<testng-results skipped="0" failed="2" ignored="0" total="8" passed="6">
  <reporter-output>
  </reporter-output>
  <suite name="Suite" duration-ms="75215" started-at="2019-12-25T07:15:29Z" finished-at="2019-12-25T07:16:44Z">
    <groups>
    </groups>
    <test name="Test" duration-ms="75215" started-at="2019-12-25T07:15:29Z" finished-at="2019-12-25T07:16:44Z">
      <class name="com.inetbanking.resources.Base">
        <test-method status="PASS" signature="setUp()[pri:0, instance:com.inetbanking.resources.Base@59474f18]" name="setUp" is-config="true" duration-ms="9214" started-at="2019-12-25T07:15:29Z" finished-at="2019-12-25T07:15:38Z">
          <reporter-output>
          </reporter-output>
        </test-method> <!-- setUp -->
        <test-method status="PASS" signature="data()[pri:0, instance:com.inetbanking.resources.Base@59474f18]" name="data" duration-ms="16" started-at="2019-12-25T07:15:39Z" finished-at="2019-12-25T07:15:39Z">
          <reporter-output>
          </reporter-output>
        </test-method> <!-- data -->
        <test-method status="PASS" signature="tearDown()[pri:0, instance:com.inetbanking.resources.Base@59474f18]" name="tearDown" is-config="true" duration-ms="793" started-at="2019-12-25T07:15:39Z" finished-at="2019-12-25T07:15:39Z">
          <reporter-output>
          </reporter-output>
        </test-method> <!-- tearDown -->
      </class> <!-- com.inetbanking.resources.Base -->
      <class name="com.inetBankingV1.testcases.TC_Login_001">
        <test-method status="PASS" signature="setUp()[pri:0, instance:com.inetBankingV1.testcases.TC_Login_001@65fb9ffc]" name="setUp" is-config="true" duration-ms="5646" started-at="2019-12-25T07:15:39Z" finished-at="2019-12-25T07:15:45Z">
          <reporter-output>
          </reporter-output>
        </test-method> <!-- setUp -->
        <test-method status="PASS" signature="data()[pri:0, instance:com.inetBankingV1.testcases.TC_Login_001@65fb9ffc]" name="data" duration-ms="0" started-at="2019-12-25T07:15:45Z" finished-at="2019-12-25T07:15:45Z">
          <reporter-output>
          </reporter-output>
        </test-method> <!-- data -->
        <test-method status="PASS" signature="loginTest()[pri:0, instance:com.inetBankingV1.testcases.TC_Login_001@65fb9ffc]" name="loginTest" duration-ms="9131" started-at="2019-12-25T07:15:45Z" finished-at="2019-12-25T07:15:54Z">
          <reporter-output>
          </reporter-output>
        </test-method> <!-- loginTest -->
        <test-method status="PASS" signature="tearDown()[pri:0, instance:com.inetBankingV1.testcases.TC_Login_001@65fb9ffc]" name="tearDown" is-config="true" duration-ms="1163" started-at="2019-12-25T07:15:54Z" finished-at="2019-12-25T07:15:55Z">
          <reporter-output>
          </reporter-output>
        </test-method> <!-- tearDown -->
      </class> <!-- com.inetBankingV1.testcases.TC_Login_001 -->
      <class name="com.inetBankingV1.testcases.TC_AddCustomer_003">
        <test-method status="PASS" signature="setUp()[pri:0, instance:com.inetBankingV1.testcases.TC_AddCustomer_003@1bb5a082]" name="setUp" is-config="true" duration-ms="6226" started-at="2019-12-25T07:16:17Z" finished-at="2019-12-25T07:16:23Z">
          <reporter-output>
          </reporter-output>
        </test-method> <!-- setUp -->
        <test-method status="PASS" signature="data()[pri:0, instance:com.inetBankingV1.testcases.TC_AddCustomer_003@1bb5a082]" name="data" duration-ms="1" started-at="2019-12-25T07:16:23Z" finished-at="2019-12-25T07:16:23Z">
          <reporter-output>
          </reporter-output>
        </test-method> <!-- data -->
        <test-method status="FAIL" signature="addNewCustomer()[pri:0, instance:com.inetBankingV1.testcases.TC_AddCustomer_003@1bb5a082]" name="addNewCustomer" duration-ms="20387" started-at="2019-12-25T07:16:23Z" finished-at="2019-12-25T07:16:43Z">
          <exception class="org.openqa.selenium.UnhandledAlertException">
            <message>
              <![CDATA[unexpected alert open: {Alert text : please fill all fields}
  (Session info: chrome=79.0.3945.88): please fill all fields
Build info: version: '4.0.0-alpha-3', revision: '8c567de6dc'
System info: host: 'DESKTOP-3KMQB6L', ip: '10.122.30.24', os.name: 'Windows 10', os.arch: 'amd64', os.version: '10.0', java.version: '1.8.0_181'
Driver info: org.openqa.selenium.chrome.ChromeDriver
Capabilities {acceptInsecureCerts: false, browserName: chrome, browserVersion: 79.0.3945.88, chrome: {chromedriverVersion: 79.0.3945.36 (3582db32b3389..., userDataDir: C:\Users\kishore\AppData\Lo...}, goog:chromeOptions: {debuggerAddress: localhost:55906}, javascriptEnabled: true, networkConnectionEnabled: false, pageLoadStrategy: normal, platform: WINDOWS, platformName: WINDOWS, proxy: Proxy(), setWindowRect: true, strictFileInteractability: false, timeouts: {implicit: 0, pageLoad: 300000, script: 30000}, unhandledPromptBehavior: dismiss and notify}
Session ID: 2bca3c23110b30677cceec6c4108efdb]]>
            </message>
            <full-stacktrace>
              <![CDATA[org.openqa.selenium.UnhandledAlertException: unexpected alert open: {Alert text : please fill all fields}
  (Session info: chrome=79.0.3945.88): please fill all fields
Build info: version: '4.0.0-alpha-3', revision: '8c567de6dc'
System info: host: 'DESKTOP-3KMQB6L', ip: '10.122.30.24', os.name: 'Windows 10', os.arch: 'amd64', os.version: '10.0', java.version: '1.8.0_181'
Driver info: org.openqa.selenium.chrome.ChromeDriver
Capabilities {acceptInsecureCerts: false, browserName: chrome, browserVersion: 79.0.3945.88, chrome: {chromedriverVersion: 79.0.3945.36 (3582db32b3389..., userDataDir: C:\Users\kishore\AppData\Lo...}, goog:chromeOptions: {debuggerAddress: localhost:55906}, javascriptEnabled: true, networkConnectionEnabled: false, pageLoadStrategy: normal, platform: WINDOWS, platformName: WINDOWS, proxy: Proxy(), setWindowRect: true, strictFileInteractability: false, timeouts: {implicit: 0, pageLoad: 300000, script: 30000}, unhandledPromptBehavior: dismiss and notify}
Session ID: 2bca3c23110b30677cceec6c4108efdb
at org.openqa.selenium.remote.codec.w3c.W3CHttpResponseCodec.decode(W3CHttpResponseCodec.java:123)
at org.openqa.selenium.remote.codec.w3c.W3CHttpResponseCodec.decode(W3CHttpResponseCodec.java:52)
at org.openqa.selenium.remote.HttpCommandExecutor.execute(HttpCommandExecutor.java:161)
at org.openqa.selenium.remote.service.DriverCommandExecutor.execute(DriverCommandExecutor.java:83)
at org.openqa.selenium.remote.RemoteWebDriver.execute(RemoteWebDriver.java:576)
at org.openqa.selenium.remote.RemoteWebDriver.execute(RemoteWebDriver.java:633)
at org.openqa.selenium.remote.RemoteWebDriver.execute(RemoteWebDriver.java:637)
at org.openqa.selenium.remote.RemoteWebDriver.getPageSource(RemoteWebDriver.java:457)
at com.inetBankingV1.testcases.TC_AddCustomer_003.addNewCustomer(TC_AddCustomer_003.java:63)
at sun.reflect.NativeMethodAccessorImpl.invoke0(Native Method)
at sun.reflect.NativeMethodAccessorImpl.invoke(NativeMethodAccessorImpl.java:62)
at sun.reflect.DelegatingMethodAccessorImpl.invoke(DelegatingMethodAccessorImpl.java:43)
at java.lang.reflect.Method.invoke(Method.java:498)
at org.testng.internal.MethodInvocationHelper.invokeMethod(MethodInvocationHelper.java:124)
at org.testng.internal.Invoker.invokeMethod(Invoker.java:583)
at org.testng.internal.Invoker.invokeTestMethod(Invoker.java:719)
at org.testng.internal.Invoker.invokeTestMethods(Invoker.java:989)
at org.testng.internal.TestMethodWorker.invokeTestMethods(TestMethodWorker.java:125)
at org.testng.internal.TestMethodWorker.run(TestMethodWorker.java:109)
at org.testng.TestRunner.privateRun(TestRunner.java:648)
at org.testng.TestRunner.run(TestRunner.java:505)
at org.testng.SuiteRunner.runTest(SuiteRunner.java:455)
at org.testng.SuiteRunner.runSequentially(SuiteRunner.java:450)
at org.testng.SuiteRunner.privateRun(SuiteRunner.java:415)
at org.testng.SuiteRunner.run(SuiteRunner.java:364)
at org.testng.SuiteRunnerWorker.runSuite(SuiteRunnerWorker.java:52)
at org.testng.SuiteRunnerWorker.run(SuiteRunnerWorker.java:84)
at org.testng.TestNG.runSuitesSequentially(TestNG.java:1208)
at org.testng.TestNG.runSuitesLocally(TestNG.java:1137)
at org.testng.TestNG.runSuites(TestNG.java:1049)
at org.testng.TestNG.run(TestNG.java:1017)
at org.apache.maven.surefire.testng.TestNGExecutor.run(TestNGExecutor.java:283)
at org.apache.maven.surefire.testng.TestNGXmlTestSuite.execute(TestNGXmlTestSuite.java:75)
at org.apache.maven.surefire.testng.TestNGProvider.invoke(TestNGProvider.java:120)
at org.apache.maven.surefire.booter.ForkedBooter.runSuitesInProcess(ForkedBooter.java:377)
at org.apache.maven.surefire.booter.ForkedBooter.execute(ForkedBooter.java:138)
at org.apache.maven.surefire.booter.ForkedBooter.run(ForkedBooter.java:465)
at org.apache.maven.surefire.booter.ForkedBooter.main(ForkedBooter.java:451)
]]>
            </full-stacktrace>
          </exception> <!-- org.openqa.selenium.UnhandledAlertException -->
          <reporter-output>
          </reporter-output>
        </test-method> <!-- addNewCustomer -->
        <test-method status="PASS" signature="tearDown()[pri:0, instance:com.inetBankingV1.testcases.TC_AddCustomer_003@1bb5a082]" name="tearDown" is-config="true" duration-ms="715" started-at="2019-12-25T07:16:44Z" finished-at="2019-12-25T07:16:44Z">
          <reporter-output>
          </reporter-output>
        </test-method> <!-- tearDown -->
      </class> <!-- com.inetBankingV1.testcases.TC_AddCustomer_003 -->
      <class name="com.inetBankingV1.testcases.TC_LoginDp_002">
        <test-method status="PASS" signature="setUp()[pri:0, instance:com.inetBankingV1.testcases.TC_LoginDp_002@3e694b3f]" name="setUp" is-config="true" duration-ms="5357" started-at="2019-12-25T07:15:55Z" finished-at="2019-12-25T07:16:01Z">
          <reporter-output>
          </reporter-output>
        </test-method> <!-- setUp -->
        <test-method status="PASS" signature="data()[pri:0, instance:com.inetBankingV1.testcases.TC_LoginDp_002@3e694b3f]" name="data" duration-ms="0" started-at="2019-12-25T07:16:01Z" finished-at="2019-12-25T07:16:01Z">
          <reporter-output>
          </reporter-output>
        </test-method> <!-- data -->
        <test-method status="PASS" signature="loginDp(java.lang.String, java.lang.String)[pri:0, instance:com.inetBankingV1.testcases.TC_LoginDp_002@3e694b3f]" name="loginDp" duration-ms="10194" started-at="2019-12-25T07:16:01Z" data-provider="getData" finished-at="2019-12-25T07:16:11Z">
          <params>
            <param index="0">
              <value>
                <![CDATA[mngr239099]]>
              </value>
            </param>
            <param index="1">
              <value>
                <![CDATA[YtAmupe]]>
              </value>
            </param>
          </params>
          <reporter-output>
          </reporter-output>
        </test-method> <!-- loginDp -->
        <test-method status="FAIL" signature="loginDp(java.lang.String, java.lang.String)[pri:0, instance:com.inetBankingV1.testcases.TC_LoginDp_002@3e694b3f]" name="loginDp" duration-ms="4263" started-at="2019-12-25T07:16:11Z" data-provider="getData" finished-at="2019-12-25T07:16:15Z">
          <params>
            <param index="0">
              <value>
                <![CDATA[mngr23909]]>
              </value>
            </param>
            <param index="1">
              <value>
                <![CDATA[YtAmup]]>
              </value>
            </param>
          </params>
          <exception class="java.lang.AssertionError">
            <message>
              <![CDATA[expected [true] but found [false]]]>
            </message>
            <full-stacktrace>
              <![CDATA[java.lang.AssertionError: expected [true] but found [false]
at org.testng.Assert.fail(Assert.java:96)
at org.testng.Assert.failNotEquals(Assert.java:776)
at org.testng.Assert.assertTrue(Assert.java:44)
at org.testng.Assert.assertTrue(Assert.java:54)
at com.inetBankingV1.testcases.TC_LoginDp_002.loginDp(TC_LoginDp_002.java:34)
at sun.reflect.NativeMethodAccessorImpl.invoke0(Native Method)
at sun.reflect.NativeMethodAccessorImpl.invoke(NativeMethodAccessorImpl.java:62)
at sun.reflect.DelegatingMethodAccessorImpl.invoke(DelegatingMethodAccessorImpl.java:43)
at java.lang.reflect.Method.invoke(Method.java:498)
at org.testng.internal.MethodInvocationHelper.invokeMethod(MethodInvocationHelper.java:124)
at org.testng.internal.Invoker.invokeMethod(Invoker.java:583)
at org.testng.internal.Invoker.invokeTestMethod(Invoker.java:719)
at org.testng.internal.Invoker.invokeTestMethods(Invoker.java:989)
at org.testng.internal.TestMethodWorker.invokeTestMethods(TestMethodWorker.java:125)
at org.testng.internal.TestMethodWorker.run(TestMethodWorker.java:109)
at org.testng.TestRunner.privateRun(TestRunner.java:648)
at org.testng.TestRunner.run(TestRunner.java:505)
at org.testng.SuiteRunner.runTest(SuiteRunner.java:455)
at org.testng.SuiteRunner.runSequentially(SuiteRunner.java:450)
at org.testng.SuiteRunner.privateRun(SuiteRunner.java:415)
at org.testng.SuiteRunner.run(SuiteRunner.java:364)
at org.testng.SuiteRunnerWorker.runSuite(SuiteRunnerWorker.java:52)
at org.testng.SuiteRunnerWorker.run(SuiteRunnerWorker.java:84)
at org.testng.TestNG.runSuitesSequentially(TestNG.java:1208)
at org.testng.TestNG.runSuitesLocally(TestNG.java:1137)
at org.testng.TestNG.runSuites(TestNG.java:1049)
at org.testng.TestNG.run(TestNG.java:1017)
at org.apache.maven.surefire.testng.TestNGExecutor.run(TestNGExecutor.java:283)
at org.apache.maven.surefire.testng.TestNGXmlTestSuite.execute(TestNGXmlTestSuite.java:75)
at org.apache.maven.surefire.testng.TestNGProvider.invoke(TestNGProvider.java:120)
at org.apache.maven.surefire.booter.ForkedBooter.runSuitesInProcess(ForkedBooter.java:377)
at org.apache.maven.surefire.booter.ForkedBooter.execute(ForkedBooter.java:138)
at org.apache.maven.surefire.booter.ForkedBooter.run(ForkedBooter.java:465)
at org.apache.maven.surefire.booter.ForkedBooter.main(ForkedBooter.java:451)
]]>
            </full-stacktrace>
          </exception> <!-- java.lang.AssertionError -->
          <reporter-output>
          </reporter-output>
        </test-method> <!-- loginDp -->
        <test-method status="PASS" signature="tearDown()[pri:0, instance:com.inetBankingV1.testcases.TC_LoginDp_002@3e694b3f]" name="tearDown" is-config="true" duration-ms="779" started-at="2019-12-25T07:16:16Z" finished-at="2019-12-25T07:16:17Z">
          <reporter-output>
          </reporter-output>
        </test-method> <!-- tearDown -->
      </class> <!-- com.inetBankingV1.testcases.TC_LoginDp_002 -->
    </test> <!-- Test -->
  </suite> <!-- Suite -->
</testng-results>
